[ 2016-06-23T12:18:27+08:00 ] ::1 /weixin/
INFO: [ app_init ] --START--
INFO: Run Behavior\BuildLiteBehavior [ RunTime:0.000019s ]
INFO: [ app_init ] --END-- [ RunTime:0.001019s ]
INFO: [ app_begin ] --START--
INFO: Run Behavior\ReadHtmlCacheBehavior [ RunTime:0.001017s ]
INFO: [ app_begin ] --END-- [ RunTime:0.001114s ]
INFO: [ view_parse ] --START--
INFO: Run Behavior\ParseTemplateBehavior [ RunTime:0.000807s ]
INFO: [ view_parse ] --END-- [ RunTime:0.000900s ]
INFO: [ view_filter ] --START--
INFO: Run Behavior\WriteHtmlCacheBehavior [ RunTime:0.000732s ]
INFO: [ view_filter ] --END-- [ RunTime:0.000835s ]
INFO: [ app_end ] --START--
INFO: Run Behavior\ShowPageTraceBehavior [ RunTime:0.000905s ]
INFO: [ app_end ] --END-- [ RunTime:0.000986s ]

[ 2016-06-23T12:18:45+08:00 ] ::1 /weixin/home/wx
INFO: [ app_init ] --START--
INFO: Run Behavior\BuildLiteBehavior [ RunTime:0.000158s ]
INFO: [ app_init ] --END-- [ RunTime:0.001046s ]
INFO: [ app_begin ] --START--
INFO: Run Behavior\ReadHtmlCacheBehavior [ RunTime:0.000684s ]
INFO: [ app_begin ] --END-- [ RunTime:0.000780s ]
NOTIC: [8] Undefined index: timestamp D:\wamp\www\weixin\wx\Home\Controller\WxController.class.php 第 14 行.
NOTIC: [8] Undefined index: nonce D:\wamp\www\weixin\wx\Home\Controller\WxController.class.php 第 15 行.
NOTIC: [8] Undefined index: signature D:\wamp\www\weixin\wx\Home\Controller\WxController.class.php 第 17 行.
NOTIC: [8] Undefined index: echostr D:\wamp\www\weixin\wx\Home\Controller\WxController.class.php 第 18 行.
NOTIC: [8] Undefined index: HTTP_RAW_POST_DATA D:\wamp\www\weixin\wx\Home\Controller\WxController.class.php 第 38 行.
NOTIC: [8] Trying to get property of non-object D:\wamp\www\weixin\wx\Home\Controller\WxController.class.php 第 41 行.
NOTIC: [8] Trying to get property of non-object D:\wamp\www\weixin\wx\Home\Controller\WxController.class.php 第 46 行.
NOTIC: [8] Trying to get property of non-object D:\wamp\www\weixin\wx\Home\Controller\WxController.class.php 第 83 行.
NOTIC: [8] Trying to get property of non-object D:\wamp\www\weixin\wx\Home\Controller\WxController.class.php 第 87 行.
INFO: [ app_end ] --START--
INFO: Run Behavior\ShowPageTraceBehavior [ RunTime:0.000664s ]
INFO: [ app_end ] --END-- [ RunTime:0.000750s ]

[ 2016-06-23T12:23:46+08:00 ] ::1 /weixin/
INFO: [ app_init ] --START--
INFO: Run Behavior\BuildLiteBehavior [ RunTime:0.000019s ]
INFO: [ app_init ] --END-- [ RunTime:0.000332s ]
INFO: [ app_begin ] --START--
INFO: Run Behavior\ReadHtmlCacheBehavior [ RunTime:0.001135s ]
INFO: [ app_begin ] --END-- [ RunTime:0.001268s ]
INFO: [ view_parse ] --START--
INFO: Run Behavior\ParseTemplateBehavior [ RunTime:0.000497s ]
INFO: [ view_parse ] --END-- [ RunTime:0.000601s ]
INFO: [ view_filter ] --START--
INFO: Run Behavior\WriteHtmlCacheBehavior [ RunTime:0.000452s ]
INFO: [ view_filter ] --END-- [ RunTime:0.000540s ]
INFO: [ app_end ] --START--
INFO: Run Behavior\ShowPageTraceBehavior [ RunTime:0.000534s ]
INFO: [ app_end ] --END-- [ RunTime:0.000645s ]

[ 2016-06-23T15:27:00+08:00 ] 127.0.0.1 /weixin_tp/home/wx?signature=f7d5fc38bdf1a7215ebdb2ffcb4d8d3eeaf1cd2b&echostr=1405316612281335679&timestamp=1466666833&nonce=1808992789
INFO: [ app_init ] --START--
INFO: Run Behavior\BuildLiteBehavior [ RunTime:0.000019s ]
INFO: [ app_init ] --END-- [ RunTime:0.000381s ]
INFO: [ app_begin ] --START--
INFO: Run Behavior\ReadHtmlCacheBehavior [ RunTime:0.000624s ]
INFO: [ app_begin ] --END-- [ RunTime:0.000710s ]

